2020-04-15 22:01:29.722  INFO 6407 --- [main] c.alpha.community.CommunityApplication   : Starting CommunityApplication on alpha-oem with PID 6407 (/home/alpha/eclipse-workspace/community/target/classes started by alpha in /home/alpha/eclipse-workspace/community)
2020-04-15 22:01:29.733  INFO 6407 --- [main] c.alpha.community.CommunityApplication   : No active profile set, falling back to default profiles: default
2020-04-15 22:01:29.880  INFO 6407 --- [main] ConfigServletWebServerApplicationContext : Refreshing org.springframework.boot.web.servlet.context.AnnotationConfigServletWebServerApplicationContext@12e61fe6: startup date [Wed Apr 15 22:01:29 CST 2020]; root of context hierarchy
2020-04-15 22:01:29.915  WARN 6407 --- [background-preinit] o.s.h.c.j.Jackson2ObjectMapperBuilder    : For Jackson Kotlin classes support please add "com.fasterxml.jackson.module:jackson-module-kotlin" to the classpath
2020-04-15 22:01:32.645  INFO 6407 --- [main] o.s.b.w.embedded.tomcat.TomcatWebServer  : Tomcat initialized with port(s): 8082 (http)
2020-04-15 22:01:32.690  INFO 6407 --- [main] o.apache.catalina.core.StandardService   : Starting service [Tomcat]
2020-04-15 22:01:32.691  INFO 6407 --- [main] org.apache.catalina.core.StandardEngine  : Starting Servlet Engine: Apache Tomcat/8.5.32
2020-04-15 22:01:32.704  INFO 6407 --- [localhost-startStop-1] o.a.catalina.core.AprLifecycleListener   : The APR based Apache Tomcat Native library which allows optimal performance in production environments was not found on the java.library.path: [/usr/java/packages/lib/amd64:/usr/lib64:/lib64:/lib:/usr/lib]
2020-04-15 22:01:32.816  INFO 6407 --- [localhost-startStop-1] o.a.c.c.C.[Tomcat].[localhost].[/]       : Initializing Spring embedded WebApplicationContext
2020-04-15 22:01:32.816  INFO 6407 --- [localhost-startStop-1] o.s.web.context.ContextLoader            : Root WebApplicationContext: initialization completed in 2936 ms
2020-04-15 22:01:32.903  INFO 6407 --- [localhost-startStop-1] o.s.b.w.servlet.ServletRegistrationBean  : Servlet dispatcherServlet mapped to [/]
2020-04-15 22:01:32.908  INFO 6407 --- [localhost-startStop-1] o.s.b.w.servlet.FilterRegistrationBean   : Mapping filter: 'characterEncodingFilter' to: [/*]
2020-04-15 22:01:32.909  INFO 6407 --- [localhost-startStop-1] o.s.b.w.servlet.FilterRegistrationBean   : Mapping filter: 'hiddenHttpMethodFilter' to: [/*]
2020-04-15 22:01:32.909  INFO 6407 --- [localhost-startStop-1] o.s.b.w.servlet.FilterRegistrationBean   : Mapping filter: 'httpPutFormContentFilter' to: [/*]
2020-04-15 22:01:32.909  INFO 6407 --- [localhost-startStop-1] o.s.b.w.servlet.FilterRegistrationBean   : Mapping filter: 'requestContextFilter' to: [/*]
2020-04-15 22:01:33.210  INFO 6407 --- [MLog-Init-Reporter] com.mchange.v2.log.MLog                  : MLog clients using slf4j logging.
2020-04-15 22:01:33.254  INFO 6407 --- [main] com.mchange.v2.c3p0.C3P0Registry         : Initializing c3p0-0.9.5.4 [built 23-March-2019 23:00:48 -0700; debug? true; trace: 10]
2020-04-15 22:01:34.104  INFO 6407 --- [main] o.s.w.s.handler.SimpleUrlHandlerMapping  : Mapped URL path [/**/favicon.ico] onto handler of type [class org.springframework.web.servlet.resource.ResourceHttpRequestHandler]
2020-04-15 22:01:34.640  INFO 6407 --- [main] s.w.s.m.m.a.RequestMappingHandlerAdapter : Looking for @ControllerAdvice: org.springframework.boot.web.servlet.context.AnnotationConfigServletWebServerApplicationContext@12e61fe6: startup date [Wed Apr 15 22:01:29 CST 2020]; root of context hierarchy
2020-04-15 22:01:34.765  INFO 6407 --- [main] s.w.s.m.m.a.RequestMappingHandlerMapping : Mapped "{[/callback],methods=[GET]}" onto public java.lang.String com.alpha.community.controller.AuthorizeController.calback(java.lang.String,java.lang.String,javax.servlet.http.HttpServletResponse)
2020-04-15 22:01:34.767  INFO 6407 --- [main] s.w.s.m.m.a.RequestMappingHandlerMapping : Mapped "{[/logout],methods=[GET]}" onto public java.lang.String com.alpha.community.controller.AuthorizeController.logout(javax.servlet.http.HttpServletRequest,javax.servlet.http.HttpServletResponse)
2020-04-15 22:01:34.779  INFO 6407 --- [main] s.w.s.m.m.a.RequestMappingHandlerMapping : Mapped "{[/comment],methods=[POST]}" onto public com.alpha.community.dto.ResultDTO com.alpha.community.controller.CommentController.post(com.alpha.community.dto.CommentCreateDTO,javax.servlet.http.HttpServletRequest)
2020-04-15 22:01:34.780  INFO 6407 --- [main] s.w.s.m.m.a.RequestMappingHandlerMapping : Mapped "{[/comment/{id}],methods=[GET]}" onto public com.alpha.community.dto.ResultDTO<java.util.List<com.alpha.community.dto.CommentDTO>> com.alpha.community.controller.CommentController.getSubComment(java.lang.Long,javax.servlet.http.HttpServletRequest)
2020-04-15 22:01:34.783  INFO 6407 --- [main] s.w.s.m.m.a.RequestMappingHandlerMapping : Mapped "{[/error],produces=[text/html]}" onto public org.springframework.web.servlet.ModelAndView com.alpha.community.controller.CustomizeErrorController.errorHtml(javax.servlet.http.HttpServletRequest)
2020-04-15 22:01:34.789  INFO 6407 --- [main] s.w.s.m.m.a.RequestMappingHandlerMapping : Mapped "{[/],methods=[GET]}" onto public java.lang.String com.alpha.community.controller.IndexController.index(javax.servlet.http.HttpServletRequest,org.springframework.ui.Model,java.lang.Integer,java.lang.Integer,java.lang.String)
2020-04-15 22:01:34.791  INFO 6407 --- [main] s.w.s.m.m.a.RequestMappingHandlerMapping : Mapped "{[/notification/{id}],methods=[GET]}" onto public java.lang.String com.alpha.community.controller.NotificationController.profile(javax.servlet.http.HttpServletRequest,java.lang.Long)
2020-04-15 22:01:34.792  INFO 6407 --- [main] s.w.s.m.m.a.RequestMappingHandlerMapping : Mapped "{[/profile/{action}],methods=[GET]}" onto public java.lang.String com.alpha.community.controller.ProfileController.profile(java.lang.String,org.springframework.ui.Model,javax.servlet.http.HttpServletRequest,java.lang.Integer,java.lang.Integer)
2020-04-15 22:01:34.794  INFO 6407 --- [main] s.w.s.m.m.a.RequestMappingHandlerMapping : Mapped "{[/publish],methods=[GET]}" onto public java.lang.String com.alpha.community.controller.PublishController.publish(org.springframework.ui.Model)
2020-04-15 22:01:34.794  INFO 6407 --- [main] s.w.s.m.m.a.RequestMappingHandlerMapping : Mapped "{[/publish/{id}],methods=[GET]}" onto public java.lang.String com.alpha.community.controller.PublishController.edit(java.lang.Long,org.springframework.ui.Model)
2020-04-15 22:01:34.795  INFO 6407 --- [main] s.w.s.m.m.a.RequestMappingHandlerMapping : Mapped "{[/publish],methods=[POST]}" onto public java.lang.String com.alpha.community.controller.PublishController.doPublish(java.lang.String,java.lang.String,java.lang.String,java.lang.Long,javax.servlet.http.HttpServletRequest,org.springframework.ui.Model)
2020-04-15 22:01:34.796  INFO 6407 --- [main] s.w.s.m.m.a.RequestMappingHandlerMapping : Mapped "{[/question/{id}],methods=[GET]}" onto public java.lang.String com.alpha.community.controller.QuestionController.question(java.lang.Long,org.springframework.ui.Model)
2020-04-15 22:01:34.834  INFO 6407 --- [main] o.s.w.s.handler.SimpleUrlHandlerMapping  : Mapped URL path [/webjars/**] onto handler of type [class org.springframework.web.servlet.resource.ResourceHttpRequestHandler]
2020-04-15 22:01:34.835  INFO 6407 --- [main] o.s.w.s.handler.SimpleUrlHandlerMapping  : Mapped URL path [/**] onto handler of type [class org.springframework.web.servlet.resource.ResourceHttpRequestHandler]
2020-04-15 22:01:34.888  INFO 6407 --- [main] .m.m.a.ExceptionHandlerExceptionResolver : Detected @ExceptionHandler methods in customizeExceptionHandler
2020-04-15 22:01:35.116  INFO 6407 --- [main] o.s.b.a.w.s.WelcomePageHandlerMapping    : Adding welcome page template: index
2020-04-15 22:01:35.668  INFO 6407 --- [main] o.s.j.e.a.AnnotationMBeanExporter        : Registering beans for JMX exposure on startup
2020-04-15 22:01:35.770  INFO 6407 --- [main] o.s.b.w.embedded.tomcat.TomcatWebServer  : Tomcat started on port(s): 8082 (http) with context path ''
2020-04-15 22:01:35.779  INFO 6407 --- [main] c.alpha.community.CommunityApplication   : Started CommunityApplication in 6.89 seconds (JVM running for 7.766)
2020-04-15 22:05:26.236  INFO 6407 --- [RMI TCP Connection(14)-127.0.0.1] inMXBeanRegistrar$SpringApplicationAdmin : Application shutdown requested.
2020-04-15 22:05:26.237  INFO 6407 --- [RMI TCP Connection(14)-127.0.0.1] ConfigServletWebServerApplicationContext : Closing org.springframework.boot.web.servlet.context.AnnotationConfigServletWebServerApplicationContext@12e61fe6: startup date [Wed Apr 15 22:01:29 CST 2020]; root of context hierarchy
2020-04-15 22:05:26.240  INFO 6407 --- [RMI TCP Connection(14)-127.0.0.1] o.s.j.e.a.AnnotationMBeanExporter        : Unregistering JMX-exposed beans on shutdown
