2020-04-15 22:38:04.772  INFO 7922 --- [main] c.alpha.community.CommunityApplication   : Starting CommunityApplication on alpha-oem with PID 7922 (/home/alpha/eclipse-workspace/community/target/classes started by alpha in /home/alpha/eclipse-workspace/community)
2020-04-15 22:38:04.776  INFO 7922 --- [main] c.alpha.community.CommunityApplication   : No active profile set, falling back to default profiles: default
2020-04-15 22:38:04.919  INFO 7922 --- [main] ConfigServletWebServerApplicationContext : Refreshing org.springframework.boot.web.servlet.context.AnnotationConfigServletWebServerApplicationContext@3eb7fc54: startup date [Wed Apr 15 22:38:04 CST 2020]; root of context hierarchy
2020-04-15 22:38:05.098  WARN 7922 --- [background-preinit] o.s.h.c.j.Jackson2ObjectMapperBuilder    : For Jackson Kotlin classes support please add "com.fasterxml.jackson.module:jackson-module-kotlin" to the classpath
2020-04-15 22:38:06.779  INFO 7922 --- [main] o.s.b.w.embedded.tomcat.TomcatWebServer  : Tomcat initialized with port(s): 8082 (http)
2020-04-15 22:38:06.809  INFO 7922 --- [main] o.apache.catalina.core.StandardService   : Starting service [Tomcat]
2020-04-15 22:38:06.809  INFO 7922 --- [main] org.apache.catalina.core.StandardEngine  : Starting Servlet Engine: Apache Tomcat/8.5.32
2020-04-15 22:38:06.816  INFO 7922 --- [localhost-startStop-1] o.a.catalina.core.AprLifecycleListener   : The APR based Apache Tomcat Native library which allows optimal performance in production environments was not found on the java.library.path: [/usr/java/packages/lib/amd64:/usr/lib64:/lib64:/lib:/usr/lib]
2020-04-15 22:38:06.944  INFO 7922 --- [localhost-startStop-1] o.a.c.c.C.[Tomcat].[localhost].[/]       : Initializing Spring embedded WebApplicationContext
2020-04-15 22:38:06.945  INFO 7922 --- [localhost-startStop-1] o.s.web.context.ContextLoader            : Root WebApplicationContext: initialization completed in 2026 ms
2020-04-15 22:38:07.046  INFO 7922 --- [localhost-startStop-1] o.s.b.w.servlet.ServletRegistrationBean  : Servlet dispatcherServlet mapped to [/]
2020-04-15 22:38:07.052  INFO 7922 --- [localhost-startStop-1] o.s.b.w.servlet.FilterRegistrationBean   : Mapping filter: 'characterEncodingFilter' to: [/*]
2020-04-15 22:38:07.053  INFO 7922 --- [localhost-startStop-1] o.s.b.w.servlet.FilterRegistrationBean   : Mapping filter: 'hiddenHttpMethodFilter' to: [/*]
2020-04-15 22:38:07.053  INFO 7922 --- [localhost-startStop-1] o.s.b.w.servlet.FilterRegistrationBean   : Mapping filter: 'httpPutFormContentFilter' to: [/*]
2020-04-15 22:38:07.053  INFO 7922 --- [localhost-startStop-1] o.s.b.w.servlet.FilterRegistrationBean   : Mapping filter: 'requestContextFilter' to: [/*]
2020-04-15 22:38:07.360  INFO 7922 --- [MLog-Init-Reporter] com.mchange.v2.log.MLog                  : MLog clients using slf4j logging.
2020-04-15 22:38:07.413  INFO 7922 --- [main] com.mchange.v2.c3p0.C3P0Registry         : Initializing c3p0-0.9.5.4 [built 23-March-2019 23:00:48 -0700; debug? true; trace: 10]
2020-04-15 22:38:08.016  INFO 7922 --- [main] o.s.w.s.handler.SimpleUrlHandlerMapping  : Mapped URL path [/**/favicon.ico] onto handler of type [class org.springframework.web.servlet.resource.ResourceHttpRequestHandler]
2020-04-15 22:38:08.449  INFO 7922 --- [main] s.w.s.m.m.a.RequestMappingHandlerAdapter : Looking for @ControllerAdvice: org.springframework.boot.web.servlet.context.AnnotationConfigServletWebServerApplicationContext@3eb7fc54: startup date [Wed Apr 15 22:38:04 CST 2020]; root of context hierarchy
2020-04-15 22:38:08.512  INFO 7922 --- [main] s.w.s.m.m.a.RequestMappingHandlerMapping : Mapped "{[/logout],methods=[GET]}" onto public java.lang.String com.alpha.community.controller.AuthorizeController.logout(javax.servlet.http.HttpServletRequest,javax.servlet.http.HttpServletResponse)
2020-04-15 22:38:08.513  INFO 7922 --- [main] s.w.s.m.m.a.RequestMappingHandlerMapping : Mapped "{[/callback],methods=[GET]}" onto public java.lang.String com.alpha.community.controller.AuthorizeController.calback(java.lang.String,java.lang.String,javax.servlet.http.HttpServletResponse)
2020-04-15 22:38:08.515  INFO 7922 --- [main] s.w.s.m.m.a.RequestMappingHandlerMapping : Mapped "{[/comment],methods=[POST]}" onto public com.alpha.community.dto.ResultDTO com.alpha.community.controller.CommentController.post(com.alpha.community.dto.CommentCreateDTO,javax.servlet.http.HttpServletRequest)
2020-04-15 22:38:08.516  INFO 7922 --- [main] s.w.s.m.m.a.RequestMappingHandlerMapping : Mapped "{[/comment/{id}],methods=[GET]}" onto public com.alpha.community.dto.ResultDTO<java.util.List<com.alpha.community.dto.CommentDTO>> com.alpha.community.controller.CommentController.getSubComment(java.lang.Long,javax.servlet.http.HttpServletRequest)
2020-04-15 22:38:08.518  INFO 7922 --- [main] s.w.s.m.m.a.RequestMappingHandlerMapping : Mapped "{[/error],produces=[text/html]}" onto public org.springframework.web.servlet.ModelAndView com.alpha.community.controller.CustomizeErrorController.errorHtml(javax.servlet.http.HttpServletRequest)
2020-04-15 22:38:08.520  INFO 7922 --- [main] s.w.s.m.m.a.RequestMappingHandlerMapping : Mapped "{[/],methods=[GET]}" onto public java.lang.String com.alpha.community.controller.IndexController.index(javax.servlet.http.HttpServletRequest,org.springframework.ui.Model,java.lang.Integer,java.lang.Integer,java.lang.String)
2020-04-15 22:38:08.521  INFO 7922 --- [main] s.w.s.m.m.a.RequestMappingHandlerMapping : Mapped "{[/notification/{id}],methods=[GET]}" onto public java.lang.String com.alpha.community.controller.NotificationController.profile(javax.servlet.http.HttpServletRequest,java.lang.Long)
2020-04-15 22:38:08.522  INFO 7922 --- [main] s.w.s.m.m.a.RequestMappingHandlerMapping : Mapped "{[/profile/{action}],methods=[GET]}" onto public java.lang.String com.alpha.community.controller.ProfileController.profile(java.lang.String,org.springframework.ui.Model,javax.servlet.http.HttpServletRequest,java.lang.Integer,java.lang.Integer)
2020-04-15 22:38:08.524  INFO 7922 --- [main] s.w.s.m.m.a.RequestMappingHandlerMapping : Mapped "{[/publish],methods=[GET]}" onto public java.lang.String com.alpha.community.controller.PublishController.publish(org.springframework.ui.Model)
2020-04-15 22:38:08.525  INFO 7922 --- [main] s.w.s.m.m.a.RequestMappingHandlerMapping : Mapped "{[/publish/{id}],methods=[GET]}" onto public java.lang.String com.alpha.community.controller.PublishController.edit(java.lang.Long,org.springframework.ui.Model)
2020-04-15 22:38:08.525  INFO 7922 --- [main] s.w.s.m.m.a.RequestMappingHandlerMapping : Mapped "{[/publish],methods=[POST]}" onto public java.lang.String com.alpha.community.controller.PublishController.doPublish(java.lang.String,java.lang.String,java.lang.String,java.lang.Long,javax.servlet.http.HttpServletRequest,org.springframework.ui.Model)
2020-04-15 22:38:08.526  INFO 7922 --- [main] s.w.s.m.m.a.RequestMappingHandlerMapping : Mapped "{[/question/{id}],methods=[GET]}" onto public java.lang.String com.alpha.community.controller.QuestionController.question(java.lang.Long,org.springframework.ui.Model)
2020-04-15 22:38:08.560  INFO 7922 --- [main] o.s.w.s.handler.SimpleUrlHandlerMapping  : Mapped URL path [/webjars/**] onto handler of type [class org.springframework.web.servlet.resource.ResourceHttpRequestHandler]
2020-04-15 22:38:08.560  INFO 7922 --- [main] o.s.w.s.handler.SimpleUrlHandlerMapping  : Mapped URL path [/**] onto handler of type [class org.springframework.web.servlet.resource.ResourceHttpRequestHandler]
2020-04-15 22:38:08.578  INFO 7922 --- [main] .m.m.a.ExceptionHandlerExceptionResolver : Detected @ExceptionHandler methods in customizeExceptionHandler
2020-04-15 22:38:08.695  INFO 7922 --- [main] o.s.b.a.w.s.WelcomePageHandlerMapping    : Adding welcome page template: index
2020-04-15 22:38:08.964  INFO 7922 --- [main] o.s.j.e.a.AnnotationMBeanExporter        : Registering beans for JMX exposure on startup
2020-04-15 22:38:09.019  INFO 7922 --- [main] o.s.b.w.embedded.tomcat.TomcatWebServer  : Tomcat started on port(s): 8082 (http) with context path ''
2020-04-15 22:38:09.032  INFO 7922 --- [main] c.alpha.community.CommunityApplication   : Started CommunityApplication in 5.221 seconds (JVM running for 6.416)
2020-04-15 22:38:36.909  INFO 7922 --- [http-nio-8082-exec-1] o.a.c.c.C.[Tomcat].[localhost].[/]       : Initializing Spring FrameworkServlet 'dispatcherServlet'
2020-04-15 22:38:36.909  INFO 7922 --- [http-nio-8082-exec-1] o.s.web.servlet.DispatcherServlet        : FrameworkServlet 'dispatcherServlet': initialization started
2020-04-15 22:38:36.929  INFO 7922 --- [http-nio-8082-exec-1] o.s.web.servlet.DispatcherServlet        : FrameworkServlet 'dispatcherServlet': initialization completed in 20 ms
2020-04-15 22:38:43.585  INFO 7922 --- [http-nio-8082-exec-1] c.m.v.c.i.AbstractPoolBackedDataSource   : Initializing c3p0 pool... com.mchange.v2.c3p0.ComboPooledDataSource [ acquireIncrement -> 3, acquireRetryAttempts -> 30, acquireRetryDelay -> 1000, autoCommitOnClose -> false, automaticTestTable -> null, breakAfterAcquireFailure -> false, checkoutTimeout -> 0, connectionCustomizerClassName -> null, connectionTesterClassName -> com.mchange.v2.c3p0.impl.DefaultConnectionTester, contextClassLoaderSource -> caller, dataSourceName -> z8kfsxa9z1bzmuqcmjq|67fe380b, debugUnreturnedConnectionStackTraces -> false, description -> null, driverClass -> null, extensions -> {}, factoryClassLocation -> null, forceIgnoreUnresolvedTransactions -> false, forceSynchronousCheckins -> false, forceUseNamedDriverClass -> false, identityToken -> z8kfsxa9z1bzmuqcmjq|67fe380b, idleConnectionTestPeriod -> 0, initialPoolSize -> 3, jdbcUrl -> jdbc:mysql://localhost:3306/community, maxAdministrativeTaskTime -> 0, maxConnectionAge -> 0, maxIdleTime -> 0, maxIdleTimeExcessConnections -> 0, maxPoolSize -> 15, maxStatements -> 0, maxStatementsPerConnection -> 0, minPoolSize -> 3, numHelperThreads -> 3, preferredTestQuery -> null, privilegeSpawnedThreads -> false, properties -> {user=******, password=******}, propertyCycle -> 0, statementCacheNumDeferredCloseThreads -> 0, testConnectionOnCheckin -> false, testConnectionOnCheckout -> false, unreturnedConnectionTimeout -> 0, userOverrides -> {}, usesTraditionalReflectiveProxies -> false ]
2020-04-15 22:50:02.101  INFO 7922 --- [RMI TCP Connection(21)-127.0.0.1] inMXBeanRegistrar$SpringApplicationAdmin : Application shutdown requested.
2020-04-15 22:50:02.106  INFO 7922 --- [RMI TCP Connection(21)-127.0.0.1] ConfigServletWebServerApplicationContext : Closing org.springframework.boot.web.servlet.context.AnnotationConfigServletWebServerApplicationContext@3eb7fc54: startup date [Wed Apr 15 22:38:04 CST 2020]; root of context hierarchy
2020-04-15 22:50:02.109  INFO 7922 --- [RMI TCP Connection(21)-127.0.0.1] o.s.j.e.a.AnnotationMBeanExporter        : Unregistering JMX-exposed beans on shutdown
